#
# A fatal error has been detected by the Java Runtime Environment:
#
#  Internal Error (javaClasses.cpp:136), pid=7768, tid=15136
#  fatal error: Invalid layout of preloaded class
#
# JRE version:  (7.0_51-b13) (build )
# Java VM: Java HotSpot(TM) Client VM (24.51-b03 mixed mode windows-x86 )
# Failed to write core dump. Minidumps are not enabled by default on client versions of Windows
#
# If you would like to submit a bug report, please visit:
#   http://bugreport.sun.com/bugreport/crash.jsp
#

---------------  T H R E A D  ---------------

Current thread (0x02a90400):  JavaThread "Unknown thread" [_thread_in_vm, id=15136, stack(0x02a40000,0x02a90000)]

Stack: [0x02a40000,0x02a90000],  sp=0x02a8f634,  free space=317k
Native frames: (J=compiled Java code, j=interpreted, Vv=VM code, C=native code)
V  [jvm.dll+0x18e0f1]
V  [jvm.dll+0x187e66]
V  [jvm.dll+0x3586a]
V  [jvm.dll+0x358f6]
V  [jvm.dll+0x4400d]
V  [jvm.dll+0x442be]
V  [jvm.dll+0x9263a]
V  [jvm.dll+0x929eb]
V  [jvm.dll+0x13dc51]
V  [jvm.dll+0x16076c]
V  [jvm.dll+0xc8ebf]
C  [javaw.exe+0x13ce]
C  [javaw.exe+0x1e40]
C  [javaw.exe+0xa5b1]
C  [javaw.exe+0xa63b]
C  [KERNEL32.DLL+0x2850d]
C  [ntdll.dll+0x5bf39]
C  [ntdll.dll+0x5bf0c]


---------------  P R O C E S S  ---------------

Java Threads: ( => current thread )

Other Threads:

=>0x02a90400 (exited) JavaThread "Unknown thread" [_thread_in_vm, id=15136, stack(0x02a40000,0x02a90000)]

VM state:not at safepoint (not fully initialized)

VM Mutex/Monitor currently owned by a thread: None

GC Heap History (0 events):
No events

Deoptimization events (0 events):
No events

Internal exceptions (0 events):
No events

Events (10 events):
Event: 0.036 loading class 0x02aae098 done
Event: 0.037 loading class 0x02aadb28 done
Event: 0.037 loading class 0x02aadb08
Event: 0.037 loading class 0x02ab4e30
Event: 0.037 loading class 0x02ab4e30 done
Event: 0.037 loading class 0x02ab4e60
Event: 0.037 loading class 0x02ab4e60 done
Event: 0.037 loading class 0x02ab4e90
Event: 0.038 loading class 0x02ab4e90 done
Event: 0.038 loading class 0x02aadb08 done


Dynamic libraries:
0x00110000 - 0x0013f000 	D:\Program Files (x86)\Java\jre7\bin\javaw.exe
0x77e30000 - 0x77f87000 	C:\Windows\SYSTEM32\ntdll.dll
0x75db0000 - 0x75ee0000 	C:\Windows\SYSTEM32\KERNEL32.DLL
0x75be0000 - 0x75c86000 	C:\Windows\SYSTEM32\KERNELBASE.dll
0x775d0000 - 0x7767e000 	C:\Windows\SYSTEM32\ADVAPI32.dll
0x75990000 - 0x75aa6000 	C:\Windows\SYSTEM32\USER32.dll
0x73190000 - 0x73388000 	C:\Windows\WinSxS\x86_microsoft.windows.common-controls_6595b64144ccf1df_6.0.9200.16579_none_8937eec6860750f5\COMCTL32.dll
0x77680000 - 0x77731000 	C:\Windows\SYSTEM32\msvcrt.dll
0x77030000 - 0x77064000 	C:\Windows\SYSTEM32\sechost.dll
0x75530000 - 0x755dc000 	C:\Windows\SYSTEM32\RPCRT4.dll
0x75ac0000 - 0x75bbd000 	C:\Windows\SYSTEM32\GDI32.dll
0x75460000 - 0x7547c000 	C:\Windows\SYSTEM32\SspiCli.dll
0x75450000 - 0x75459000 	C:\Windows\SYSTEM32\CRYPTBASE.dll
0x753f0000 - 0x75441000 	C:\Windows\SYSTEM32\bcryptPrimitives.dll
0x75bc0000 - 0x75be0000 	C:\Windows\system32\IMM32.DLL
0x77230000 - 0x7730e000 	C:\Windows\SYSTEM32\MSCTF.dll
0x5a5c0000 - 0x5a67f000 	D:\Program Files (x86)\Java\jre7\bin\msvcr100.dll
0x676e0000 - 0x67a60000 	D:\Program Files (x86)\Java\jre7\bin\client\jvm.dll
0x73f40000 - 0x73f48000 	C:\Windows\SYSTEM32\WSOCK32.dll
0x73b50000 - 0x73b71000 	C:\Windows\SYSTEM32\WINMM.dll
0x778d0000 - 0x778d6000 	C:\Windows\SYSTEM32\PSAPI.DLL
0x754e0000 - 0x75530000 	C:\Windows\SYSTEM32\WS2_32.dll
0x73ae0000 - 0x73b0b000 	C:\Windows\SYSTEM32\WINMMBASE.dll
0x77b00000 - 0x77b08000 	C:\Windows\SYSTEM32\NSI.dll
0x75640000 - 0x75686000 	C:\Windows\SYSTEM32\cfgmgr32.dll
0x77cc0000 - 0x77cde000 	C:\Windows\SYSTEM32\DEVOBJ.dll
0x74c00000 - 0x74c0c000 	D:\Program Files (x86)\Java\jre7\bin\verify.dll
0x676c0000 - 0x676e0000 	D:\Program Files (x86)\Java\jre7\bin\java.dll
0x676a0000 - 0x676b3000 	D:\Program Files (x86)\Java\jre7\bin\zip.dll
0x75000000 - 0x75129000 	C:\Windows\SYSTEM32\dbghelp.dll

VM Arguments:
jvm_args: -Dfile.encoding=GBK -Xbootclasspath:D:\eclipse\adt-bundle-windows-x86-20130917\sdk\platforms\android-18\android.jar 
java_command: co.aiml.Chat
Launcher Type: SUN_STANDARD

Environment Variables:
JAVA_HOME=D:\Program Files (x86)\Java\jdk1.7.0_45
CLASSPATH=.;D:\Program Files (x86)\Java\jdk1.7.0_45\lib\dt.jar;D:\Program Files (x86)\Java\jdk1.7.0_45\lib\rt.jar;D:\Program Files (x86)\Java\jdk1.7.0_45\lib\tools.jar;
USERNAME=sxf
OS=Windows_NT
PROCESSOR_IDENTIFIER=Intel64 Family 6 Model 42 Stepping 7, GenuineIntel



---------------  S Y S T E M  ---------------

OS: Windows 8 , 64 bit Build 9200 

CPU:total 4 (2 cores per cpu, 2 threads per core) family 6 model 42 stepping 7, cmov, cx8, fxsr, mmx, sse, sse2, sse3, ssse3, sse4.1, sse4.2, popcnt, avx, aes, ht, tsc, tscinvbit

Memory: 4k page, physical 8331116k(2205856k free), swap 16719724k(7391060k free)

vm_info: Java HotSpot(TM) Client VM (24.51-b03) for windows-x86 JRE (1.7.0_51-b13), built on Dec 18 2013 19:09:58 by "java_re" with unknown MS VC++:1600

time: Sun Apr 06 21:45:39 2014
elapsed time: 0 seconds

