#
# A fatal error has been detected by the Java Runtime Environment:
#
#  Internal Error (javaClasses.cpp:136), pid=3944, tid=11924
#  fatal error: Invalid layout of preloaded class
#
# JRE version:  (7.0_51-b13) (build )
# Java VM: Java HotSpot(TM) Client VM (24.51-b03 mixed mode windows-x86 )
# Failed to write core dump. Minidumps are not enabled by default on client versions of Windows
#
# If you would like to submit a bug report, please visit:
#   http://bugreport.sun.com/bugreport/crash.jsp
#

---------------  T H R E A D  ---------------

Current thread (0x02cf0400):  JavaThread "Unknown thread" [_thread_in_vm, id=11924, stack(0x01150000,0x011a0000)]

Stack: [0x01150000,0x011a0000],  sp=0x0119f694,  free space=317k
Native frames: (J=compiled Java code, j=interpreted, Vv=VM code, C=native code)
V  [jvm.dll+0x18e0f1]
V  [jvm.dll+0x187e66]
V  [jvm.dll+0x3586a]
V  [jvm.dll+0x358f6]
V  [jvm.dll+0x4400d]
V  [jvm.dll+0x442be]
V  [jvm.dll+0x9263a]
V  [jvm.dll+0x929eb]
V  [jvm.dll+0x13dc51]
V  [jvm.dll+0x16076c]
V  [jvm.dll+0xc8ebf]
C  [javaw.exe+0x13ce]
C  [javaw.exe+0x1e40]
C  [javaw.exe+0xa5b1]
C  [javaw.exe+0xa63b]
C  [KERNEL32.DLL+0x2850d]
C  [ntdll.dll+0x5bf39]
C  [ntdll.dll+0x5bf0c]


---------------  P R O C E S S  ---------------

Java Threads: ( => current thread )

Other Threads:

=>0x02cf0400 (exited) JavaThread "Unknown thread" [_thread_in_vm, id=11924, stack(0x01150000,0x011a0000)]

VM state:not at safepoint (not fully initialized)

VM Mutex/Monitor currently owned by a thread: None

GC Heap History (0 events):
No events

Deoptimization events (0 events):
No events

Internal exceptions (0 events):
No events

Events (10 events):
Event: 0.064 loading class 0x02d0e1a0 done
Event: 0.065 loading class 0x02d0dc30 done
Event: 0.065 loading class 0x02d0dc10
Event: 0.065 loading class 0x02d14f38
Event: 0.066 loading class 0x02d14f38 done
Event: 0.066 loading class 0x02d14f68
Event: 0.066 loading class 0x02d14f68 done
Event: 0.066 loading class 0x02d14f98
Event: 0.066 loading class 0x02d14f98 done
Event: 0.066 loading class 0x02d0dc10 done


Dynamic libraries:
0x009f0000 - 0x00a1f000 	D:\Program Files (x86)\Java\jre7\bin\javaw.exe
0x77b70000 - 0x77cc7000 	C:\Windows\SYSTEM32\ntdll.dll
0x77490000 - 0x775c0000 	C:\Windows\SYSTEM32\KERNEL32.DLL
0x77a00000 - 0x77aa6000 	C:\Windows\SYSTEM32\KERNELBASE.dll
0x776c0000 - 0x7776e000 	C:\Windows\SYSTEM32\ADVAPI32.dll
0x75cc0000 - 0x75dd6000 	C:\Windows\SYSTEM32\USER32.dll
0x73f10000 - 0x74108000 	C:\Windows\WinSxS\x86_microsoft.windows.common-controls_6595b64144ccf1df_6.0.9200.16579_none_8937eec6860750f5\COMCTL32.dll
0x770d0000 - 0x77181000 	C:\Windows\SYSTEM32\msvcrt.dll
0x77630000 - 0x77664000 	C:\Windows\SYSTEM32\sechost.dll
0x77020000 - 0x770cc000 	C:\Windows\SYSTEM32\RPCRT4.dll
0x75a80000 - 0x75b7d000 	C:\Windows\SYSTEM32\GDI32.dll
0x751a0000 - 0x751bc000 	C:\Windows\SYSTEM32\SspiCli.dll
0x75190000 - 0x75199000 	C:\Windows\SYSTEM32\CRYPTBASE.dll
0x75130000 - 0x75181000 	C:\Windows\SYSTEM32\bcryptPrimitives.dll
0x75c60000 - 0x75c80000 	C:\Windows\system32\IMM32.DLL
0x75b80000 - 0x75c5e000 	C:\Windows\SYSTEM32\MSCTF.dll
0x5e660000 - 0x5e71f000 	D:\Program Files (x86)\Java\jre7\bin\msvcr100.dll
0x5caa0000 - 0x5ce20000 	D:\Program Files (x86)\Java\jre7\bin\client\jvm.dll
0x73ee0000 - 0x73ee8000 	C:\Windows\SYSTEM32\WSOCK32.dll
0x743f0000 - 0x74411000 	C:\Windows\SYSTEM32\WINMM.dll
0x775c0000 - 0x775c6000 	C:\Windows\SYSTEM32\PSAPI.DLL
0x77240000 - 0x77290000 	C:\Windows\SYSTEM32\WS2_32.dll
0x743c0000 - 0x743eb000 	C:\Windows\SYSTEM32\WINMMBASE.dll
0x751e0000 - 0x751e8000 	C:\Windows\SYSTEM32\NSI.dll
0x77670000 - 0x776b6000 	C:\Windows\SYSTEM32\cfgmgr32.dll
0x75790000 - 0x757ae000 	C:\Windows\SYSTEM32\DEVOBJ.dll
0x5e830000 - 0x5e83c000 	D:\Program Files (x86)\Java\jre7\bin\verify.dll
0x5e810000 - 0x5e830000 	D:\Program Files (x86)\Java\jre7\bin\java.dll
0x5e7f0000 - 0x5e803000 	D:\Program Files (x86)\Java\jre7\bin\zip.dll
0x74cc0000 - 0x74de9000 	C:\Windows\SYSTEM32\dbghelp.dll

VM Arguments:
jvm_args: -Dfile.encoding=UTF-8 -Xbootclasspath:D:\eclipse\adt-bundle-windows-x86-20130917\sdk\platforms\android-18\android.jar 
java_command: util.music.GetMusicUrl
Launcher Type: SUN_STANDARD

Environment Variables:
JAVA_HOME=D:\Program Files (x86)\Java\jdk1.7.0_45
CLASSPATH=.;D:\Program Files (x86)\Java\jdk1.7.0_45\lib\dt.jar;D:\Program Files (x86)\Java\jdk1.7.0_45\lib\rt.jar;D:\Program Files (x86)\Java\jdk1.7.0_45\lib\tools.jar;
USERNAME=sxf
OS=Windows_NT
PROCESSOR_IDENTIFIER=Intel64 Family 6 Model 42 Stepping 7, GenuineIntel



---------------  S Y S T E M  ---------------

OS: Windows 8 , 64 bit Build 9200 

CPU:total 4 (2 cores per cpu, 2 threads per core) family 6 model 42 stepping 7, cmov, cx8, fxsr, mmx, sse, sse2, sse3, ssse3, sse4.1, sse4.2, popcnt, avx, aes, ht, tsc, tscinvbit

Memory: 4k page, physical 8331116k(5061732k free), swap 16719724k(10680688k free)

vm_info: Java HotSpot(TM) Client VM (24.51-b03) for windows-x86 JRE (1.7.0_51-b13), built on Dec 18 2013 19:09:58 by "java_re" with unknown MS VC++:1600

time: Wed Apr 09 21:48:33 2014
elapsed time: 0 seconds

