#
# A fatal error has been detected by the Java Runtime Environment:
#
#  Internal Error (javaClasses.cpp:136), pid=5824, tid=5156
#  fatal error: Invalid layout of preloaded class
#
# JRE version:  (7.0_51-b13) (build )
# Java VM: Java HotSpot(TM) Client VM (24.51-b03 mixed mode windows-x86 )
# Failed to write core dump. Minidumps are not enabled by default on client versions of Windows
#
# If you would like to submit a bug report, please visit:
#   http://bugreport.sun.com/bugreport/crash.jsp
#

---------------  T H R E A D  ---------------

Current thread (0x02cc0400):  JavaThread "Unknown thread" [_thread_in_vm, id=5156, stack(0x02c60000,0x02cb0000)]

Stack: [0x02c60000,0x02cb0000],  sp=0x02caf4d4,  free space=317k
Native frames: (J=compiled Java code, j=interpreted, Vv=VM code, C=native code)
V  [jvm.dll+0x18e0f1]
V  [jvm.dll+0x187e66]
V  [jvm.dll+0x3586a]
V  [jvm.dll+0x358f6]
V  [jvm.dll+0x4400d]
V  [jvm.dll+0x442be]
V  [jvm.dll+0x9263a]
V  [jvm.dll+0x929eb]
V  [jvm.dll+0x13dc51]
V  [jvm.dll+0x16076c]
V  [jvm.dll+0xc8ebf]
C  [javaw.exe+0x13ce]
C  [javaw.exe+0x1e40]
C  [javaw.exe+0xa5b1]
C  [javaw.exe+0xa63b]
C  [KERNEL32.DLL+0x2850d]
C  [ntdll.dll+0x5bf39]
C  [ntdll.dll+0x5bf0c]


---------------  P R O C E S S  ---------------

Java Threads: ( => current thread )

Other Threads:

=>0x02cc0400 (exited) JavaThread "Unknown thread" [_thread_in_vm, id=5156, stack(0x02c60000,0x02cb0000)]

VM state:not at safepoint (not fully initialized)

VM Mutex/Monitor currently owned by a thread: None

GC Heap History (0 events):
No events

Deoptimization events (0 events):
No events

Internal exceptions (0 events):
No events

Events (10 events):
Event: 0.007 loading class 0x02cde098 done
Event: 0.007 loading class 0x02cddb28 done
Event: 0.007 loading class 0x02cddb08
Event: 0.007 loading class 0x02ce4e30
Event: 0.007 loading class 0x02ce4e30 done
Event: 0.007 loading class 0x02ce4e60
Event: 0.007 loading class 0x02ce4e60 done
Event: 0.007 loading class 0x02ce4e90
Event: 0.007 loading class 0x02ce4e90 done
Event: 0.008 loading class 0x02cddb08 done


Dynamic libraries:
0x010e0000 - 0x0110f000 	D:\Program Files (x86)\Java\jre7\bin\javaw.exe
0x77b40000 - 0x77c97000 	C:\Windows\SYSTEM32\ntdll.dll
0x75d50000 - 0x75e80000 	C:\Windows\SYSTEM32\KERNEL32.DLL
0x75430000 - 0x754d6000 	C:\Windows\SYSTEM32\KERNELBASE.dll
0x75a20000 - 0x75ace000 	C:\Windows\SYSTEM32\ADVAPI32.dll
0x76050000 - 0x76166000 	C:\Windows\SYSTEM32\USER32.dll
0x72e50000 - 0x73048000 	C:\Windows\WinSxS\x86_microsoft.windows.common-controls_6595b64144ccf1df_6.0.9200.16579_none_8937eec6860750f5\COMCTL32.dll
0x75290000 - 0x75341000 	C:\Windows\SYSTEM32\msvcrt.dll
0x76010000 - 0x76044000 	C:\Windows\SYSTEM32\sechost.dll
0x75c90000 - 0x75d3c000 	C:\Windows\SYSTEM32\RPCRT4.dll
0x754e0000 - 0x755dd000 	C:\Windows\SYSTEM32\GDI32.dll
0x75170000 - 0x7518c000 	C:\Windows\SYSTEM32\SspiCli.dll
0x75160000 - 0x75169000 	C:\Windows\SYSTEM32\CRYPTBASE.dll
0x75100000 - 0x75151000 	C:\Windows\SYSTEM32\bcryptPrimitives.dll
0x76250000 - 0x76270000 	C:\Windows\system32\IMM32.DLL
0x751b0000 - 0x7528e000 	C:\Windows\SYSTEM32\MSCTF.dll
0x65270000 - 0x6532f000 	D:\Program Files (x86)\Java\jre7\bin\msvcr100.dll
0x6fa30000 - 0x6fdb0000 	D:\Program Files (x86)\Java\jre7\bin\client\jvm.dll
0x73eb0000 - 0x73eb8000 	C:\Windows\SYSTEM32\WSOCK32.dll
0x744f0000 - 0x74511000 	C:\Windows\SYSTEM32\WINMM.dll
0x76790000 - 0x76796000 	C:\Windows\SYSTEM32\PSAPI.DLL
0x76740000 - 0x76790000 	C:\Windows\SYSTEM32\WS2_32.dll
0x744c0000 - 0x744eb000 	C:\Windows\SYSTEM32\WINMMBASE.dll
0x755e0000 - 0x755e8000 	C:\Windows\SYSTEM32\NSI.dll
0x75350000 - 0x75396000 	C:\Windows\SYSTEM32\cfgmgr32.dll
0x76500000 - 0x7651e000 	C:\Windows\SYSTEM32\DEVOBJ.dll
0x737e0000 - 0x737ec000 	D:\Program Files (x86)\Java\jre7\bin\verify.dll
0x72c00000 - 0x72c20000 	D:\Program Files (x86)\Java\jre7\bin\java.dll
0x723c0000 - 0x723d3000 	D:\Program Files (x86)\Java\jre7\bin\zip.dll
0x74dc0000 - 0x74ee9000 	C:\Windows\SYSTEM32\dbghelp.dll

VM Arguments:
jvm_args: -Dfile.encoding=GBK -Xbootclasspath:D:\eclipse\adt-bundle-windows-x86-20130917\sdk\platforms\android-18\android.jar 
java_command: util.music.GetMusicUrl
Launcher Type: SUN_STANDARD

Environment Variables:
JAVA_HOME=D:\Program Files (x86)\Java\jdk1.7.0_45
CLASSPATH=.;D:\Program Files (x86)\Java\jdk1.7.0_45\lib\dt.jar;D:\Program Files (x86)\Java\jdk1.7.0_45\lib\rt.jar;D:\Program Files (x86)\Java\jdk1.7.0_45\lib\tools.jar;
USERNAME=sxf
OS=Windows_NT
PROCESSOR_IDENTIFIER=Intel64 Family 6 Model 42 Stepping 7, GenuineIntel



---------------  S Y S T E M  ---------------

OS: Windows 8 , 64 bit Build 9200 

CPU:total 4 (2 cores per cpu, 2 threads per core) family 6 model 42 stepping 7, cmov, cx8, fxsr, mmx, sse, sse2, sse3, ssse3, sse4.1, sse4.2, popcnt, avx, aes, ht, tsc, tscinvbit

Memory: 4k page, physical 8331116k(4624388k free), swap 16719724k(11129352k free)

vm_info: Java HotSpot(TM) Client VM (24.51-b03) for windows-x86 JRE (1.7.0_51-b13), built on Dec 18 2013 19:09:58 by "java_re" with unknown MS VC++:1600

time: Tue Apr 08 09:51:36 2014
elapsed time: 0 seconds

