#
# A fatal error has been detected by the Java Runtime Environment:
#
#  Internal Error (javaClasses.cpp:136), pid=22588, tid=23464
#  fatal error: Invalid layout of preloaded class
#
# JRE version:  (7.0_51-b13) (build )
# Java VM: Java HotSpot(TM) Client VM (24.51-b03 mixed mode windows-x86 )
# Failed to write core dump. Minidumps are not enabled by default on client versions of Windows
#
# If you would like to submit a bug report, please visit:
#   http://bugreport.sun.com/bugreport/crash.jsp
#

---------------  T H R E A D  ---------------

Current thread (0x02cae800):  JavaThread "Unknown thread" [_thread_in_vm, id=23464, stack(0x00ed0000,0x00f20000)]

Stack: [0x00ed0000,0x00f20000],  sp=0x00f1f594,  free space=317k
Native frames: (J=compiled Java code, j=interpreted, Vv=VM code, C=native code)
V  [jvm.dll+0x18e0f1]
V  [jvm.dll+0x187e66]
V  [jvm.dll+0x3586a]
V  [jvm.dll+0x358f6]
V  [jvm.dll+0x4400d]
V  [jvm.dll+0x442be]
V  [jvm.dll+0x9263a]
V  [jvm.dll+0x929eb]
V  [jvm.dll+0x13dc51]
V  [jvm.dll+0x16076c]
V  [jvm.dll+0xc8ebf]
C  [javaw.exe+0x13ce]
C  [javaw.exe+0x1e40]
C  [javaw.exe+0xa5b1]
C  [javaw.exe+0xa63b]
C  [KERNEL32.DLL+0x286e3]
C  [ntdll.dll+0x5bf39]
C  [ntdll.dll+0x5bf0c]


---------------  P R O C E S S  ---------------

Java Threads: ( => current thread )

Other Threads:

=>0x02cae800 (exited) JavaThread "Unknown thread" [_thread_in_vm, id=23464, stack(0x00ed0000,0x00f20000)]

VM state:not at safepoint (not fully initialized)

VM Mutex/Monitor currently owned by a thread: None

GC Heap History (0 events):
No events

Deoptimization events (0 events):
No events

Internal exceptions (0 events):
No events

Events (10 events):
Event: 0.008 loading class 0x02b5e290 done
Event: 0.008 loading class 0x02b5dd20 done
Event: 0.008 loading class 0x02b5dd00
Event: 0.008 loading class 0x02b65028
Event: 0.008 loading class 0x02b65028 done
Event: 0.008 loading class 0x02b65058
Event: 0.008 loading class 0x02b65058 done
Event: 0.008 loading class 0x02b65088
Event: 0.008 loading class 0x02b65088 done
Event: 0.008 loading class 0x02b5dd00 done


Dynamic libraries:
0x00ae0000 - 0x00b0f000 	D:\Program Files (x86)\Java\jre7\bin\javaw.exe
0x774e0000 - 0x77637000 	C:\Windows\SYSTEM32\ntdll.dll
0x75460000 - 0x75590000 	C:\Windows\SYSTEM32\KERNEL32.DLL
0x77080000 - 0x77127000 	C:\Windows\SYSTEM32\KERNELBASE.dll
0x74b00000 - 0x74bae000 	C:\Windows\SYSTEM32\ADVAPI32.dll
0x76c00000 - 0x76d16000 	C:\Windows\SYSTEM32\USER32.dll
0x72650000 - 0x72848000 	C:\Windows\WinSxS\x86_microsoft.windows.common-controls_6595b64144ccf1df_6.0.9200.16579_none_8937eec6860750f5\COMCTL32.dll
0x77130000 - 0x771e1000 	C:\Windows\SYSTEM32\msvcrt.dll
0x750a0000 - 0x750d4000 	C:\Windows\SYSTEM32\sechost.dll
0x771f0000 - 0x7729c000 	C:\Windows\SYSTEM32\RPCRT4.dll
0x76f80000 - 0x7707d000 	C:\Windows\SYSTEM32\GDI32.dll
0x74ad0000 - 0x74aed000 	C:\Windows\SYSTEM32\SspiCli.dll
0x74ac0000 - 0x74ac9000 	C:\Windows\SYSTEM32\CRYPTBASE.dll
0x74a60000 - 0x74ab1000 	C:\Windows\SYSTEM32\bcryptPrimitives.dll
0x74c10000 - 0x74c30000 	C:\Windows\system32\IMM32.DLL
0x77310000 - 0x773ee000 	C:\Windows\SYSTEM32\MSCTF.dll
0x5cdc0000 - 0x5ce7f000 	D:\Program Files (x86)\Java\jre7\bin\msvcr100.dll
0x5de40000 - 0x5e1c0000 	D:\Program Files (x86)\Java\jre7\bin\client\jvm.dll
0x74350000 - 0x74358000 	C:\Windows\SYSTEM32\WSOCK32.dll
0x73840000 - 0x73861000 	C:\Windows\SYSTEM32\WINMM.dll
0x77410000 - 0x77416000 	C:\Windows\SYSTEM32\PSAPI.DLL
0x76bb0000 - 0x76c00000 	C:\Windows\SYSTEM32\WS2_32.dll
0x73810000 - 0x7383b000 	C:\Windows\SYSTEM32\WINMMBASE.dll
0x74af0000 - 0x74af8000 	C:\Windows\SYSTEM32\NSI.dll
0x76960000 - 0x769a6000 	C:\Windows\SYSTEM32\cfgmgr32.dll
0x773f0000 - 0x7740e000 	C:\Windows\SYSTEM32\DEVOBJ.dll
0x645a0000 - 0x645ac000 	D:\Program Files (x86)\Java\jre7\bin\verify.dll
0x64580000 - 0x645a0000 	D:\Program Files (x86)\Java\jre7\bin\java.dll
0x5e2d0000 - 0x5e2e3000 	D:\Program Files (x86)\Java\jre7\bin\zip.dll
0x62300000 - 0x62429000 	C:\Windows\SYSTEM32\dbghelp.dll

VM Arguments:
jvm_args: -Dfile.encoding=UTF-8 -Xbootclasspath:D:\eclipse\adt-bundle-windows-x86-20130917\sdk\platforms\android-18\android.jar 
java_command: hha.util.PackageUtil
Launcher Type: SUN_STANDARD

Environment Variables:
JAVA_HOME=D:\Program Files (x86)\Java\jdk1.7.0_45
CLASSPATH=.;D:\Program Files (x86)\Java\jdk1.7.0_45\lib\dt.jar;D:\Program Files (x86)\Java\jdk1.7.0_45\lib\rt.jar;D:\Program Files (x86)\Java\jdk1.7.0_45\lib\tools.jar;
USERNAME=sxf
OS=Windows_NT
PROCESSOR_IDENTIFIER=Intel64 Family 6 Model 42 Stepping 7, GenuineIntel



---------------  S Y S T E M  ---------------

OS: Windows 8 , 64 bit Build 9200 

CPU:total 4 (2 cores per cpu, 2 threads per core) family 6 model 42 stepping 7, cmov, cx8, fxsr, mmx, sse, sse2, sse3, ssse3, sse4.1, sse4.2, popcnt, avx, aes, ht, tsc, tscinvbit

Memory: 4k page, physical 8331116k(3926660k free), swap 16719724k(11021784k free)

vm_info: Java HotSpot(TM) Client VM (24.51-b03) for windows-x86 JRE (1.7.0_51-b13), built on Dec 18 2013 19:09:58 by "java_re" with unknown MS VC++:1600

time: Sun Jun 15 16:55:12 2014
elapsed time: 0 seconds

